<?xml version="1.0" encoding="UTF-8"?>
<testsuite xmlns:xsi="http://www.w3.org/2001/XMLSchema-instance" xsi:noNamespaceSchemaLocation="https://maven.apache.org/surefire/maven-surefire-plugin/xsd/surefire-test-report.xsd" name="com.application.StreamingStatisticsApplicationTests" time="2.716" tests="1" errors="0" skipped="0" failures="0">
  <properties>
    <property name="sun.desktop" value="windows"/>
    <property name="awt.toolkit" value="sun.awt.windows.WToolkit"/>
    <property name="java.specification.version" value="11"/>
    <property name="sun.cpu.isalist" value="amd64"/>
    <property name="sun.jnu.encoding" value="Cp1252"/>
    <property name="java.class.path" value="C:\FieldStatistics\target\test-classes;C:\FieldStatistics\target\classes;C:\Users\spatial\.m2\repository\org\springframework\boot\spring-boot-starter\2.1.5.RELEASE\spring-boot-starter-2.1.5.RELEASE.jar;C:\Users\spatial\.m2\repository\org\springframework\boot\spring-boot\2.1.5.RELEASE\spring-boot-2.1.5.RELEASE.jar;C:\Users\spatial\.m2\repository\org\springframework\spring-context\5.1.7.RELEASE\spring-context-5.1.7.RELEASE.jar;C:\Users\spatial\.m2\repository\org\springframework\boot\spring-boot-autoconfigure\2.1.5.RELEASE\spring-boot-autoconfigure-2.1.5.RELEASE.jar;C:\Users\spatial\.m2\repository\org\springframework\boot\spring-boot-starter-logging\2.1.5.RELEASE\spring-boot-starter-logging-2.1.5.RELEASE.jar;C:\Users\spatial\.m2\repository\ch\qos\logback\logback-classic\1.2.3\logback-classic-1.2.3.jar;C:\Users\spatial\.m2\repository\ch\qos\logback\logback-core\1.2.3\logback-core-1.2.3.jar;C:\Users\spatial\.m2\repository\org\apache\logging\log4j\log4j-to-slf4j\2.11.2\log4j-to-slf4j-2.11.2.jar;C:\Users\spatial\.m2\repository\org\apache\logging\log4j\log4j-api\2.11.2\log4j-api-2.11.2.jar;C:\Users\spatial\.m2\repository\org\slf4j\jul-to-slf4j\1.7.26\jul-to-slf4j-1.7.26.jar;C:\Users\spatial\.m2\repository\javax\annotation\javax.annotation-api\1.3.2\javax.annotation-api-1.3.2.jar;C:\Users\spatial\.m2\repository\org\springframework\spring-core\5.1.7.RELEASE\spring-core-5.1.7.RELEASE.jar;C:\Users\spatial\.m2\repository\org\springframework\spring-jcl\5.1.7.RELEASE\spring-jcl-5.1.7.RELEASE.jar;C:\Users\spatial\.m2\repository\org\yaml\snakeyaml\1.23\snakeyaml-1.23.jar;C:\Users\spatial\.m2\repository\org\springframework\boot\spring-boot-starter-test\2.1.5.RELEASE\spring-boot-starter-test-2.1.5.RELEASE.jar;C:\Users\spatial\.m2\repository\org\springframework\boot\spring-boot-test\2.1.5.RELEASE\spring-boot-test-2.1.5.RELEASE.jar;C:\Users\spatial\.m2\repository\org\springframework\boot\spring-boot-test-autoconfigure\2.1.5.RELEASE\spring-boot-test-autoconfigure-2.1.5.RELEASE.jar;C:\Users\spatial\.m2\repository\com\jayway\jsonpath\json-path\2.4.0\json-path-2.4.0.jar;C:\Users\spatial\.m2\repository\net\minidev\json-smart\2.3\json-smart-2.3.jar;C:\Users\spatial\.m2\repository\net\minidev\accessors-smart\1.2\accessors-smart-1.2.jar;C:\Users\spatial\.m2\repository\org\ow2\asm\asm\5.0.4\asm-5.0.4.jar;C:\Users\spatial\.m2\repository\org\slf4j\slf4j-api\1.7.26\slf4j-api-1.7.26.jar;C:\Users\spatial\.m2\repository\junit\junit\4.12\junit-4.12.jar;C:\Users\spatial\.m2\repository\org\assertj\assertj-core\3.11.1\assertj-core-3.11.1.jar;C:\Users\spatial\.m2\repository\org\mockito\mockito-core\2.23.4\mockito-core-2.23.4.jar;C:\Users\spatial\.m2\repository\net\bytebuddy\byte-buddy\1.9.12\byte-buddy-1.9.12.jar;C:\Users\spatial\.m2\repository\net\bytebuddy\byte-buddy-agent\1.9.12\byte-buddy-agent-1.9.12.jar;C:\Users\spatial\.m2\repository\org\objenesis\objenesis\2.6\objenesis-2.6.jar;C:\Users\spatial\.m2\repository\org\hamcrest\hamcrest-core\1.3\hamcrest-core-1.3.jar;C:\Users\spatial\.m2\repository\org\hamcrest\hamcrest-library\1.3\hamcrest-library-1.3.jar;C:\Users\spatial\.m2\repository\org\skyscreamer\jsonassert\1.5.0\jsonassert-1.5.0.jar;C:\Users\spatial\.m2\repository\com\vaadin\external\google\android-json\0.0.20131108.vaadin1\android-json-0.0.20131108.vaadin1.jar;C:\Users\spatial\.m2\repository\org\springframework\spring-test\5.1.7.RELEASE\spring-test-5.1.7.RELEASE.jar;C:\Users\spatial\.m2\repository\org\xmlunit\xmlunit-core\2.6.2\xmlunit-core-2.6.2.jar;C:\Users\spatial\.m2\repository\javax\xml\bind\jaxb-api\2.3.1\jaxb-api-2.3.1.jar;C:\Users\spatial\.m2\repository\javax\activation\javax.activation-api\1.2.0\javax.activation-api-1.2.0.jar;C:\Users\spatial\.m2\repository\org\hdrhistogram\HdrHistogram\2.1.4\HdrHistogram-2.1.4.jar;C:\Users\spatial\.m2\repository\io\rest-assured\spring-mock-mvc\4.0.0\spring-mock-mvc-4.0.0.jar;C:\Users\spatial\.m2\repository\io\rest-assured\rest-assured\3.1.1\rest-assured-3.1.1.jar;C:\Users\spatial\.m2\repository\org\codehaus\groovy\groovy\2.5.7\groovy-2.5.7.jar;C:\Users\spatial\.m2\repository\org\codehaus\groovy\groovy-xml\2.5.7\groovy-xml-2.5.7.jar;C:\Users\spatial\.m2\repository\org\apache\httpcomponents\httpclient\4.5.8\httpclient-4.5.8.jar;C:\Users\spatial\.m2\repository\org\apache\httpcomponents\httpcore\4.4.11\httpcore-4.4.11.jar;C:\Users\spatial\.m2\repository\commons-codec\commons-codec\1.11\commons-codec-1.11.jar;C:\Users\spatial\.m2\repository\org\apache\httpcomponents\httpmime\4.5.8\httpmime-4.5.8.jar;C:\Users\spatial\.m2\repository\org\ccil\cowan\tagsoup\tagsoup\1.2.1\tagsoup-1.2.1.jar;C:\Users\spatial\.m2\repository\io\rest-assured\json-path\3.1.1\json-path-3.1.1.jar;C:\Users\spatial\.m2\repository\org\codehaus\groovy\groovy-json\2.5.7\groovy-json-2.5.7.jar;C:\Users\spatial\.m2\repository\io\rest-assured\rest-assured-common\3.1.1\rest-assured-common-3.1.1.jar;C:\Users\spatial\.m2\repository\io\rest-assured\xml-path\3.1.1\xml-path-3.1.1.jar;C:\Users\spatial\.m2\repository\org\apache\commons\commons-lang3\3.8.1\commons-lang3-3.8.1.jar;C:\Users\spatial\.m2\repository\io\rest-assured\spring-commons\4.0.0\spring-commons-4.0.0.jar;C:\Users\spatial\.m2\repository\org\springframework\spring-webmvc\5.1.7.RELEASE\spring-webmvc-5.1.7.RELEASE.jar;C:\Users\spatial\.m2\repository\org\springframework\spring-aop\5.1.7.RELEASE\spring-aop-5.1.7.RELEASE.jar;C:\Users\spatial\.m2\repository\org\springframework\spring-expression\5.1.7.RELEASE\spring-expression-5.1.7.RELEASE.jar;C:\Users\spatial\.m2\repository\org\springframework\spring-web\5.1.8.RELEASE\spring-web-5.1.8.RELEASE.jar;C:\Users\spatial\.m2\repository\org\springframework\spring-beans\5.1.7.RELEASE\spring-beans-5.1.7.RELEASE.jar;C:\Users\spatial\.m2\repository\org\springframework\boot\spring-boot-starter-tomcat\2.1.5.RELEASE\spring-boot-starter-tomcat-2.1.5.RELEASE.jar;C:\Users\spatial\.m2\repository\org\apache\tomcat\embed\tomcat-embed-core\9.0.19\tomcat-embed-core-9.0.19.jar;C:\Users\spatial\.m2\repository\org\apache\tomcat\embed\tomcat-embed-el\9.0.19\tomcat-embed-el-9.0.19.jar;C:\Users\spatial\.m2\repository\org\apache\tomcat\embed\tomcat-embed-websocket\9.0.19\tomcat-embed-websocket-9.0.19.jar;"/>
    <property name="java.vm.vendor" value="JetBrains s.r.o"/>
    <property name="sun.arch.data.model" value="64"/>
    <property name="user.variant" value=""/>
    <property name="java.vendor.url" value="https://www.jetbrains.com/"/>
    <property name="user.timezone" value="Asia/Calcutta"/>
    <property name="java.vm.specification.version" value="11"/>
    <property name="os.name" value="Windows 8.1"/>
    <property name="sun.java.launcher" value="SUN_STANDARD"/>
    <property name="user.country" value="IN"/>
    <property name="sun.boot.library.path" value="C:\JetBrains\IntelliJ IDEA Community Edition 2019.2\jbr\bin"/>
    <property name="sun.java.command" value="C:\Users\spatial\AppData\Local\Temp\surefire1705561786602028491\surefirebooter16171301904541965027.jar C:\Users\spatial\AppData\Local\Temp\surefire1705561786602028491 2019-08-03T09-33-15_092-jvmRun1 surefire18328537582882159399tmp surefire_017565449997998655831tmp"/>
    <property name="jdk.debug" value="release"/>
    <property name="surefire.test.class.path" value="C:\FieldStatistics\target\test-classes;C:\FieldStatistics\target\classes;C:\Users\spatial\.m2\repository\org\springframework\boot\spring-boot-starter\2.1.5.RELEASE\spring-boot-starter-2.1.5.RELEASE.jar;C:\Users\spatial\.m2\repository\org\springframework\boot\spring-boot\2.1.5.RELEASE\spring-boot-2.1.5.RELEASE.jar;C:\Users\spatial\.m2\repository\org\springframework\spring-context\5.1.7.RELEASE\spring-context-5.1.7.RELEASE.jar;C:\Users\spatial\.m2\repository\org\springframework\boot\spring-boot-autoconfigure\2.1.5.RELEASE\spring-boot-autoconfigure-2.1.5.RELEASE.jar;C:\Users\spatial\.m2\repository\org\springframework\boot\spring-boot-starter-logging\2.1.5.RELEASE\spring-boot-starter-logging-2.1.5.RELEASE.jar;C:\Users\spatial\.m2\repository\ch\qos\logback\logback-classic\1.2.3\logback-classic-1.2.3.jar;C:\Users\spatial\.m2\repository\ch\qos\logback\logback-core\1.2.3\logback-core-1.2.3.jar;C:\Users\spatial\.m2\repository\org\apache\logging\log4j\log4j-to-slf4j\2.11.2\log4j-to-slf4j-2.11.2.jar;C:\Users\spatial\.m2\repository\org\apache\logging\log4j\log4j-api\2.11.2\log4j-api-2.11.2.jar;C:\Users\spatial\.m2\repository\org\slf4j\jul-to-slf4j\1.7.26\jul-to-slf4j-1.7.26.jar;C:\Users\spatial\.m2\repository\javax\annotation\javax.annotation-api\1.3.2\javax.annotation-api-1.3.2.jar;C:\Users\spatial\.m2\repository\org\springframework\spring-core\5.1.7.RELEASE\spring-core-5.1.7.RELEASE.jar;C:\Users\spatial\.m2\repository\org\springframework\spring-jcl\5.1.7.RELEASE\spring-jcl-5.1.7.RELEASE.jar;C:\Users\spatial\.m2\repository\org\yaml\snakeyaml\1.23\snakeyaml-1.23.jar;C:\Users\spatial\.m2\repository\org\springframework\boot\spring-boot-starter-test\2.1.5.RELEASE\spring-boot-starter-test-2.1.5.RELEASE.jar;C:\Users\spatial\.m2\repository\org\springframework\boot\spring-boot-test\2.1.5.RELEASE\spring-boot-test-2.1.5.RELEASE.jar;C:\Users\spatial\.m2\repository\org\springframework\boot\spring-boot-test-autoconfigure\2.1.5.RELEASE\spring-boot-test-autoconfigure-2.1.5.RELEASE.jar;C:\Users\spatial\.m2\repository\com\jayway\jsonpath\json-path\2.4.0\json-path-2.4.0.jar;C:\Users\spatial\.m2\repository\net\minidev\json-smart\2.3\json-smart-2.3.jar;C:\Users\spatial\.m2\repository\net\minidev\accessors-smart\1.2\accessors-smart-1.2.jar;C:\Users\spatial\.m2\repository\org\ow2\asm\asm\5.0.4\asm-5.0.4.jar;C:\Users\spatial\.m2\repository\org\slf4j\slf4j-api\1.7.26\slf4j-api-1.7.26.jar;C:\Users\spatial\.m2\repository\junit\junit\4.12\junit-4.12.jar;C:\Users\spatial\.m2\repository\org\assertj\assertj-core\3.11.1\assertj-core-3.11.1.jar;C:\Users\spatial\.m2\repository\org\mockito\mockito-core\2.23.4\mockito-core-2.23.4.jar;C:\Users\spatial\.m2\repository\net\bytebuddy\byte-buddy\1.9.12\byte-buddy-1.9.12.jar;C:\Users\spatial\.m2\repository\net\bytebuddy\byte-buddy-agent\1.9.12\byte-buddy-agent-1.9.12.jar;C:\Users\spatial\.m2\repository\org\objenesis\objenesis\2.6\objenesis-2.6.jar;C:\Users\spatial\.m2\repository\org\hamcrest\hamcrest-core\1.3\hamcrest-core-1.3.jar;C:\Users\spatial\.m2\repository\org\hamcrest\hamcrest-library\1.3\hamcrest-library-1.3.jar;C:\Users\spatial\.m2\repository\org\skyscreamer\jsonassert\1.5.0\jsonassert-1.5.0.jar;C:\Users\spatial\.m2\repository\com\vaadin\external\google\android-json\0.0.20131108.vaadin1\android-json-0.0.20131108.vaadin1.jar;C:\Users\spatial\.m2\repository\org\springframework\spring-test\5.1.7.RELEASE\spring-test-5.1.7.RELEASE.jar;C:\Users\spatial\.m2\repository\org\xmlunit\xmlunit-core\2.6.2\xmlunit-core-2.6.2.jar;C:\Users\spatial\.m2\repository\javax\xml\bind\jaxb-api\2.3.1\jaxb-api-2.3.1.jar;C:\Users\spatial\.m2\repository\javax\activation\javax.activation-api\1.2.0\javax.activation-api-1.2.0.jar;C:\Users\spatial\.m2\repository\org\hdrhistogram\HdrHistogram\2.1.4\HdrHistogram-2.1.4.jar;C:\Users\spatial\.m2\repository\io\rest-assured\spring-mock-mvc\4.0.0\spring-mock-mvc-4.0.0.jar;C:\Users\spatial\.m2\repository\io\rest-assured\rest-assured\3.1.1\rest-assured-3.1.1.jar;C:\Users\spatial\.m2\repository\org\codehaus\groovy\groovy\2.5.7\groovy-2.5.7.jar;C:\Users\spatial\.m2\repository\org\codehaus\groovy\groovy-xml\2.5.7\groovy-xml-2.5.7.jar;C:\Users\spatial\.m2\repository\org\apache\httpcomponents\httpclient\4.5.8\httpclient-4.5.8.jar;C:\Users\spatial\.m2\repository\org\apache\httpcomponents\httpcore\4.4.11\httpcore-4.4.11.jar;C:\Users\spatial\.m2\repository\commons-codec\commons-codec\1.11\commons-codec-1.11.jar;C:\Users\spatial\.m2\repository\org\apache\httpcomponents\httpmime\4.5.8\httpmime-4.5.8.jar;C:\Users\spatial\.m2\repository\org\ccil\cowan\tagsoup\tagsoup\1.2.1\tagsoup-1.2.1.jar;C:\Users\spatial\.m2\repository\io\rest-assured\json-path\3.1.1\json-path-3.1.1.jar;C:\Users\spatial\.m2\repository\org\codehaus\groovy\groovy-json\2.5.7\groovy-json-2.5.7.jar;C:\Users\spatial\.m2\repository\io\rest-assured\rest-assured-common\3.1.1\rest-assured-common-3.1.1.jar;C:\Users\spatial\.m2\repository\io\rest-assured\xml-path\3.1.1\xml-path-3.1.1.jar;C:\Users\spatial\.m2\repository\org\apache\commons\commons-lang3\3.8.1\commons-lang3-3.8.1.jar;C:\Users\spatial\.m2\repository\io\rest-assured\spring-commons\4.0.0\spring-commons-4.0.0.jar;C:\Users\spatial\.m2\repository\org\springframework\spring-webmvc\5.1.7.RELEASE\spring-webmvc-5.1.7.RELEASE.jar;C:\Users\spatial\.m2\repository\org\springframework\spring-aop\5.1.7.RELEASE\spring-aop-5.1.7.RELEASE.jar;C:\Users\spatial\.m2\repository\org\springframework\spring-expression\5.1.7.RELEASE\spring-expression-5.1.7.RELEASE.jar;C:\Users\spatial\.m2\repository\org\springframework\spring-web\5.1.8.RELEASE\spring-web-5.1.8.RELEASE.jar;C:\Users\spatial\.m2\repository\org\springframework\spring-beans\5.1.7.RELEASE\spring-beans-5.1.7.RELEASE.jar;C:\Users\spatial\.m2\repository\org\springframework\boot\spring-boot-starter-tomcat\2.1.5.RELEASE\spring-boot-starter-tomcat-2.1.5.RELEASE.jar;C:\Users\spatial\.m2\repository\org\apache\tomcat\embed\tomcat-embed-core\9.0.19\tomcat-embed-core-9.0.19.jar;C:\Users\spatial\.m2\repository\org\apache\tomcat\embed\tomcat-embed-el\9.0.19\tomcat-embed-el-9.0.19.jar;C:\Users\spatial\.m2\repository\org\apache\tomcat\embed\tomcat-embed-websocket\9.0.19\tomcat-embed-websocket-9.0.19.jar;"/>
    <property name="sun.cpu.endian" value="little"/>
    <property name="user.home" value="C:\Users\spatial"/>
    <property name="user.language" value="en"/>
    <property name="java.specification.vendor" value="Oracle Corporation"/>
    <property name="java.version.date" value="2019-04-16"/>
    <property name="java.home" value="C:\JetBrains\IntelliJ IDEA Community Edition 2019.2\jbr"/>
    <property name="file.separator" value="\"/>
    <property name="basedir" value="C:\FieldStatistics"/>
    <property name="java.vm.compressedOopsMode" value="32-bit"/>
    <property name="line.separator" value="&#10;"/>
    <property name="java.specification.name" value="Java Platform API Specification"/>
    <property name="java.vm.specification.vendor" value="Oracle Corporation"/>
    <property name="java.awt.graphicsenv" value="sun.awt.Win32GraphicsEnvironment"/>
    <property name="surefire.real.class.path" value="C:\Users\spatial\AppData\Local\Temp\surefire1705561786602028491\surefirebooter16171301904541965027.jar"/>
    <property name="user.script" value=""/>
    <property name="sun.management.compiler" value="HotSpot 64-Bit Tiered Compilers"/>
    <property name="java.runtime.version" value="11.0.3+12-b304.10"/>
    <property name="user.name" value="spatial"/>
    <property name="path.separator" value=";"/>
    <property name="os.version" value="6.3"/>
    <property name="java.runtime.name" value="OpenJDK Runtime Environment"/>
    <property name="file.encoding" value="Cp1252"/>
    <property name="java.vm.name" value="OpenJDK 64-Bit Server VM"/>
    <property name="localRepository" value="C:\Users\spatial\.m2\repository"/>
    <property name="java.vendor.url.bug" value="https://youtrack.jetbrains.com"/>
    <property name="java.io.tmpdir" value="C:\Users\spatial\AppData\Local\Temp\"/>
    <property name="java.version" value="11.0.3"/>
    <property name="user.dir" value="C:\FieldStatistics"/>
    <property name="os.arch" value="amd64"/>
    <property name="java.vm.specification.name" value="Java Virtual Machine Specification"/>
    <property name="java.awt.printerjob" value="sun.awt.windows.WPrinterJob"/>
    <property name="sun.os.patch.level" value=""/>
    <property name="idea.version2019.2" value="true"/>
    <property name="java.library.path" value="C:\JetBrains\IntelliJ IDEA Community Edition 2019.2\jbr\bin;C:\windows\Sun\Java\bin;C:\windows\system32;C:\windows;C:\JetBrains\IntelliJ IDEA Community Edition 2019.2\jbr\\bin;C:\JetBrains\IntelliJ IDEA Community Edition 2019.2\jbr\\bin\server;C:\Program Files\NVIDIA GPU Computing Toolkit\CUDA\v9.0\bin;C:\Program Files\NVIDIA GPU Computing Toolkit\CUDA\v9.0\libnvvp;C:\emulator\;C:\Program Files\Haskell\bin;C:\Haskell Platform\8.0.2\lib\extralibs\bin;C:\Haskell Platform\8.0.2\bin;C:\ProgramData\Oracle\Java\javapath;c:\Program Files (x86)\Intel\iCLS Client\;c:\Program Files\Intel\iCLS Client\;C:\windows\system32;C:\windows;C:\windows\System32\Wbem;C:\windows\System32\WindowsPowerShell\v1.0\;C:\Program Files\Intel\Intel(R) Management Engine Components\DAL;C:\Program Files\Intel\Intel(R) Management Engine Components\IPT;C:\Program Files (x86)\Intel\Intel(R) Management Engine Components\DAL;C:\Program Files (x86)\Intel\Intel(R) Management Engine Components\IPT;C:\Program Files\Condusiv Technologies\ExpressCache\;C:\Program Files\Hewlett-Packard\SimplePass\;C:\Program Files (x86)\Windows Live\Shared;C:\Haskell Platform\8.0.2\mingw\bin;C:\SoftDevLabs\HercGUI;C:\SoftDevLabs\FishLib;C:\Program Files (x86)\NVIDIA Corporation\PhysX\Common;C:\Amazon\AWSCLI\bin\;C:\ProgramData\chocolatey\bin;C:\Git\cmd;C:\PuTTY\;C:\Users\spatial\AppData\Roaming\cabal\bin;C:\Users\spatial\AppData\Roaming\local\bin;C:\Java\jdk1.8.0_121\bin;C:\apache-maven-3.5.0\bin;C:\Users\spatial\source\repos\CppBridge\x64\Debug\CppBridge.dll;C:\Windows\Microsoft.NET\Framework\v4.0.30319\csc.exe;C:\Raspberry\Nmap;C:\Anaconda3\Scripts\;C:\Program Files\NVIDIA GPU Computing Toolkit\CUDA\v9.0\bin;C:\Anaconda3\pkgs\nodejs-9.11.1-0;c:\Amazon\AWSCLI\bin;C:\bin;C:\apache-maven-3.6.1\bin;C:\Docker Toolbox;."/>
    <property name="java.vendor" value="JetBrains s.r.o"/>
    <property name="java.vm.info" value="mixed mode, sharing"/>
    <property name="java.vm.version" value="11.0.3+12-b304.10"/>
    <property name="sun.io.unicode.encoding" value="UnicodeLittle"/>
    <property name="java.class.version" value="55.0"/>
  </properties>
  <testcase name="shouldReturnEmpty" classname="com.application.StreamingStatisticsApplicationTests" time="0.096"/>
</testsuite>